<?xml version="1.0" encoding="UTF-8"?>
<!-- Generated by org.testng.reporters.JUnitReportReporter -->
<testsuite skipped="0" hostname="ip-172-31-30-22" name="test.LoginTest" tests="1" failures="0" timestamp="04 Jun 2021 10:59:31 GMT" time="8.844" errors="0">
  <testcase name="login" time="8.844" classname="test.LoginTest"/>
</testsuite> <!-- test.LoginTest -->
