<?xml version="1.0" encoding="UTF-8"?>
<!-- Generated by org.testng.reporters.JUnitReportReporter -->
<testsuite skipped="0" hostname="ip-172-31-30-22" name="testNG.DataProviderExample" tests="2" failures="0" timestamp="04 Jun 2021 10:54:59 GMT" time="0.009" errors="0">
  <testcase name="test" time="0.008" classname="testNG.DataProviderExample"/>
  <testcase name="test" time="0.001" classname="testNG.DataProviderExample"/>
</testsuite> <!-- testNG.DataProviderExample -->
