<?xml version="1.0" encoding="UTF-8"?>
<!-- Generated by org.testng.reporters.JUnitReportReporter -->
<testsuite skipped="0" hostname="ip-172-31-30-22" name="test.LoginTest" tests="1" failures="0" timestamp="04 Jun 2021 11:41:03 GMT" time="7.116" errors="0">
  <testcase name="login" time="7.116" classname="test.LoginTest"/>
</testsuite> <!-- test.LoginTest -->
